c:\users\dayla\desktop\programming\projects\wumpusworld\wumpusworld\x64\release\vc140.pdb
c:\users\dayla\desktop\programming\projects\wumpusworld\wumpusworld\x64\release\wumpusworld.obj
c:\users\dayla\desktop\programming\projects\wumpusworld\wumpusworld\x64\release\wumpsim.obj
c:\users\dayla\desktop\programming\projects\wumpusworld\wumpusworld\x64\release\utilityvalues.obj
c:\users\dayla\desktop\programming\projects\wumpusworld\wumpusworld\x64\release\tranistion.obj
c:\users\dayla\desktop\programming\projects\wumpusworld\wumpusworld\x64\release\state.obj
c:\users\dayla\desktop\programming\projects\wumpusworld\wumpusworld\x64\release\reward.obj
c:\users\dayla\desktop\programming\projects\wumpusworld\wumpusworld\x64\release\randomagent.obj
c:\users\dayla\desktop\programming\projects\wumpusworld\wumpusworld\x64\release\qlearningagent.obj
c:\users\dayla\desktop\programming\projects\wumpusworld\wumpusworld\x64\release\qhat.obj
c:\users\dayla\desktop\programming\projects\wumpusworld\wumpusworld\x64\release\performancelogger.obj
c:\users\dayla\desktop\programming\projects\wumpusworld\wumpusworld\x64\release\percept.obj
c:\users\dayla\desktop\programming\projects\wumpusworld\wumpusworld\x64\release\orientation.obj
c:\users\dayla\desktop\programming\projects\wumpusworld\wumpusworld\x64\release\logger.obj
c:\users\dayla\desktop\programming\projects\wumpusworld\wumpusworld\x64\release\location.obj
c:\users\dayla\desktop\programming\projects\wumpusworld\wumpusworld\x64\release\debuglogger.obj
c:\users\dayla\desktop\programming\projects\wumpusworld\wumpusworld\x64\release\arraymath.obj
c:\users\dayla\desktop\programming\projects\wumpusworld\wumpusworld\x64\release\agent.obj
c:\users\dayla\desktop\programming\projects\wumpusworld\wumpusworld\x64\release\action.obj
c:\users\dayla\desktop\programming\projects\wumpusworld\x64\release\wumpusworld.exe
c:\users\dayla\desktop\programming\projects\wumpusworld\x64\release\wumpusworld.ipdb
c:\users\dayla\desktop\programming\projects\wumpusworld\x64\release\wumpusworld.iobj
c:\users\dayla\desktop\programming\projects\wumpusworld\x64\release\wumpusworld.pdb
c:\users\dayla\desktop\programming\projects\wumpusworld\wumpusworld\x64\release\wumpusworld.tlog\cl.command.1.tlog
c:\users\dayla\desktop\programming\projects\wumpusworld\wumpusworld\x64\release\wumpusworld.tlog\cl.read.1.tlog
c:\users\dayla\desktop\programming\projects\wumpusworld\wumpusworld\x64\release\wumpusworld.tlog\cl.write.1.tlog
c:\users\dayla\desktop\programming\projects\wumpusworld\wumpusworld\x64\release\wumpusworld.tlog\link.command.1.tlog
c:\users\dayla\desktop\programming\projects\wumpusworld\wumpusworld\x64\release\wumpusworld.tlog\link.read.1.tlog
c:\users\dayla\desktop\programming\projects\wumpusworld\wumpusworld\x64\release\wumpusworld.tlog\link.write.1.tlog
