Build started 12/18/2015 7:03:28 PM.
     1>Project "C:\Users\Day\Desktop\WumpusWorld\WumpusWorld\WumpusWorld.vcxproj" on node 2 (Build target(s)).
     1>Link:
         C:\Program Files (x86)\Microsoft Visual Studio 14.0\VC\bin\link.exe /ERRORREPORT:PROMPT /OUT:"C:\Users\Day\Desktop\WumpusWorld\Debug\WumpusWorld.exe" /INCREMENTAL /NOLOGO kernel32.lib user32.lib gdi32.lib winspool.lib comdlg32.lib advapi32.lib shell32.lib ole32.lib oleaut32.lib uuid.lib odbc32.lib odbccp32.lib /MANIFEST /MANIFESTUAC:"level='asInvoker' uiAccess='false'" /manifest:embed /Debug /PDB:"C:\Users\Day\Desktop\WumpusWorld\Debug\WumpusWorld.pdb" /SUBSYSTEM:CONSOLE /TLBID:1 /DYNAMICBASE /NXCOMPAT /IMPLIB:"C:\Users\Day\Desktop\WumpusWorld\Debug\WumpusWorld.lib" /MACHINE:X86 Debug\Action.obj
         Debug\Agent.obj
         Debug\ArrayMath.obj
         Debug\DebugLogger.obj
         Debug\Location.obj
         Debug\Logger.obj
         Debug\Orientation.obj
         Debug\Percept.obj
         Debug\PerformanceLogger.obj
         Debug\QHat.obj
         Debug\QLearningAgent.obj
         Debug\RandomAgent.obj
         Debug\Reward.obj
         Debug\State.obj
         Debug\Tranistion.obj
         Debug\UtilityValues.obj
         Debug\wumpsim.obj
         Debug\WumpusWorld.obj
         WumpusWorld.vcxproj -> C:\Users\Day\Desktop\WumpusWorld\Debug\WumpusWorld.exe
     1>Done Building Project "C:\Users\Day\Desktop\WumpusWorld\WumpusWorld\WumpusWorld.vcxproj" (Build target(s)).

Build succeeded.

Time Elapsed 00:00:00.56
